<?xml version="1.0" encoding="UTF-8"?>
<testsuite xmlns:xsi="http://www.w3.org/2001/XMLSchema-instance" xsi:noNamespaceSchemaLocation="https://maven.apache.org/surefire/maven-surefire-plugin/xsd/surefire-test-report-3.0.xsd" version="3.0" name="LLD.Java.LowLevelDesignsPatterns.LowLevelDesignsApplicationTests" time="1.729" tests="1" errors="0" skipped="0" failures="0">
  <properties>
[...]
</properties>
  <testcase name="contextLoads" classname="LLD.Java.LowLevelDesignsPatterns.LowLevelDesignsApplicationTests" time="0.473">
    <system-out><![CDATA[20:37:37.316 [main] INFO org.springframework.test.context.support.AnnotationConfigContextLoaderUtils -- Could not detect default configuration classes for test class [LLD.Java.LowLevelDesignsPatterns.LowLevelDesignsApplicationTests]: LowLevelDesignsApplicationTests does not declare any static, non-private, non-final, nested classes annotated with @Configuration.
20:37:37.376 [main] INFO org.springframework.boot.test.context.SpringBootTestContextBootstrapper -- Found @SpringBootConfiguration LLD.Java.LowLevelDesignsPatterns.LowLevelDesignsApplication for test class LLD.Java.LowLevelDesignsPatterns.LowLevelDesignsApplicationTests
20:37:37.463 [main] INFO org.springframework.boot.devtools.restart.RestartApplicationListener -- Restart disabled due to context in which it is running
  .   ____          _            __ _ _
 /\\ / ___'_ __ _ _(_)_ __  __ _ \ \ \ \
( ( )\___ | '_ | '_| | '_ \/ _` | \ \ \ \
 \\/  ___)| |_)| | | | | || (_| |  ) ) ) )
  '  |____| .__|_| |_|_| |_\__, | / / / /
 =========|_|==============|___/=/_/_/_/

 :: Spring Boot ::                (v3.3.0)

2025-05-29T20:37:37.583+05:30  INFO 77670 --- [LowLevelDesigns] [           main] L.J.L.LowLevelDesignsApplicationTests    : Starting LowLevelDesignsApplicationTests using Java 17.0.13 with PID 77670 (started by amishamani.tripathi in /Users/amishamani.tripathi/Projects/LLD/LLD-Java)
2025-05-29T20:37:37.584+05:30  INFO 77670 --- [LowLevelDesigns] [           main] L.J.L.LowLevelDesignsApplicationTests    : No active profile set, falling back to 1 default profile: "default"
2025-05-29T20:37:38.409+05:30  INFO 77670 --- [LowLevelDesigns] [           main] o.s.s.web.DefaultSecurityFilterChain     : Will secure any request with [org.springframework.security.web.session.DisableEncodeUrlFilter@1788cb61, org.springframework.security.web.context.request.async.WebAsyncManagerIntegrationFilter@16d431b4, org.springframework.security.web.context.SecurityContextHolderFilter@7b96de8d, org.springframework.security.web.header.HeaderWriterFilter@637c840d, org.springframework.web.filter.CorsFilter@6c0b51da, org.springframework.security.web.csrf.CsrfFilter@15605d83, org.springframework.security.web.authentication.logout.LogoutFilter@38ac8968, org.springframework.security.web.authentication.UsernamePasswordAuthenticationFilter@26f0141, org.springframework.security.web.authentication.ui.DefaultLoginPageGeneratingFilter@515ab3f2, org.springframework.security.web.authentication.ui.DefaultLogoutPageGeneratingFilter@7558633, org.springframework.security.web.authentication.www.BasicAuthenticationFilter@8b13d91, org.springframework.security.web.savedrequest.RequestCacheAwareFilter@4dc52559, org.springframework.security.web.servletapi.SecurityContextHolderAwareRequestFilter@119290b9, org.springframework.security.web.authentication.AnonymousAuthenticationFilter@5657967b, org.springframework.security.web.access.ExceptionTranslationFilter@5d194314, org.springframework.security.web.access.intercept.AuthorizationFilter@28be7fec]
2025-05-29T20:37:38.459+05:30  INFO 77670 --- [LowLevelDesigns] [           main] L.J.L.LowLevelDesignsApplicationTests    : Started LowLevelDesignsApplicationTests in 1.002 seconds (process running for 1.568)
]]></system-out>
  </testcase>
</testsuite>